<?xml version="1.0" encoding="UTF-8"?>
<!-- Generated by org.testng.reporters.JUnitXMLReporter -->
<testsuite ignored="0" hostname="DESKTOP-HGUKC47" failures="0" tests="4" name="Default test" time="24.901" errors="0" timestamp="2025-06-20T11:08:17 IST">
  <testcase classname="day1.HTTPRequests" name="getAllUsers" time="3.733"/>
  <testcase classname="day1.HTTPRequests" name="createUser" time="19.477"/>
  <testcase classname="day1.HTTPRequests" name="updateUser" time="0.704"/>
  <testcase classname="day1.HTTPRequests" name="deleteUser" time="0.688"/>
</testsuite> <!-- Default test -->
