<?xml version="1.0" encoding="UTF-8"?>
<!-- Generated by org.testng.reporters.JUnitXMLReporter -->
<testsuite ignored="0" hostname="DESKTOP-HGUKC47" failures="0" tests="4" name="Test" time="6.212" errors="0" timestamp="2025-06-17T18:16:56 IST">
  <testcase classname="day8.APIChainingCreateUser" name="createUser" time="3.544"/>
  <testcase classname="day8.APIChainingGetUser" name="getUser" time="0.842"/>
  <testcase classname="day8.APIChainingUpdateUser" name="updateUser" time="0.966"/>
  <testcase classname="day8.APIChainingDeleteUser" name="updateUser" time="0.793"/>
</testsuite> <!-- Test -->
