<?xml version="1.0" encoding="UTF-8"?>
<testng-results ignored="0" total="1" passed="1" failed="0" skipped="0">
  <reporter-output>
  </reporter-output>
  <suite started-at="2025-07-08T15:33:59 IST" name="Default suite" finished-at="2025-07-08T15:34:08 IST" duration-ms="8737">
    <groups>
    </groups>
    <test started-at="2025-07-08T15:33:59 IST" name="Default test" finished-at="2025-07-08T15:34:08 IST" duration-ms="8737">
      <class name="day8.APIChainingCreateUser">
        <test-method signature="createUser(org.testng.ITestContext)[pri:0, instance:day8.APIChainingCreateUser@14dd7b39]" started-at="2025-07-08T15:33:59 IST" name="createUser" finished-at="2025-07-08T15:34:08 IST" duration-ms="8683" status="PASS">
          <params>
            <param index="0">
              <value>
                <![CDATA[org.testng.TestRunner@1722011b]]>
              </value>
            </param>
          </params>
          <reporter-output>
          </reporter-output>
        </test-method> <!-- createUser -->
      </class> <!-- day8.APIChainingCreateUser -->
    </test> <!-- Default test -->
  </suite> <!-- Default suite -->
</testng-results>
