<?xml version="1.0" encoding="UTF-8"?>
<testng-results ignored="0" total="4" passed="4" failed="0" skipped="0">
  <reporter-output>
  </reporter-output>
  <suite started-at="2025-06-20T11:07:52 IST" name="Default suite" finished-at="2025-06-20T11:08:17 IST" duration-ms="24901">
    <groups>
    </groups>
    <test started-at="2025-06-20T11:07:52 IST" name="Default test" finished-at="2025-06-20T11:08:17 IST" duration-ms="24901">
      <class name="day1.HTTPRequests">
        <test-method signature="getAllUsers()[pri:1, instance:day1.HTTPRequests@51891008]" started-at="2025-06-20T11:07:52 IST" name="getAllUsers" finished-at="2025-06-20T11:07:56 IST" duration-ms="3733" status="PASS">
          <reporter-output>
          </reporter-output>
        </test-method> <!-- getAllUsers -->
        <test-method signature="createUser()[pri:2, instance:day1.HTTPRequests@51891008]" started-at="2025-06-20T11:07:56 IST" name="createUser" finished-at="2025-06-20T11:08:15 IST" duration-ms="19477" status="PASS">
          <reporter-output>
          </reporter-output>
        </test-method> <!-- createUser -->
        <test-method signature="updateUser()[pri:3, instance:day1.HTTPRequests@51891008]" started-at="2025-06-20T11:08:15 IST" name="updateUser" finished-at="2025-06-20T11:08:16 IST" depends-on-methods="day1.HTTPRequests.createUser" duration-ms="704" status="PASS">
          <reporter-output>
          </reporter-output>
        </test-method> <!-- updateUser -->
        <test-method signature="deleteUser()[pri:4, instance:day1.HTTPRequests@51891008]" started-at="2025-06-20T11:08:16 IST" name="deleteUser" finished-at="2025-06-20T11:08:17 IST" duration-ms="688" status="PASS">
          <reporter-output>
          </reporter-output>
        </test-method> <!-- deleteUser -->
      </class> <!-- day1.HTTPRequests -->
    </test> <!-- Default test -->
  </suite> <!-- Default suite -->
</testng-results>
