<?xml version="1.0" encoding="UTF-8"?>
<!-- Generated by org.testng.reporters.JUnitReportReporter -->
<testsuite hostname="Pradeep" failures="0" tests="2" name="day2.PostRequestBodyUsingOrgJson" time="6.314" errors="0" timestamp="2026-04-22T20:23:43 IST" skipped="0">
  <testcase classname="day2.PostRequestBodyUsingOrgJson" name="creatingUserUsingJsonLibrary" time="4.395"/>
  <testcase classname="day2.PostRequestBodyUsingOrgJson" name="deleteTest" time="1.919"/>
</testsuite> <!-- day2.PostRequestBodyUsingOrgJson -->
