<?xml version="1.0" encoding="UTF-8"?>
<!-- Generated by org.testng.reporters.JUnitReportReporter -->
<testsuite hostname="Pradeep" failures="0" tests="4" name="day1.HTTPRequests" time="10.084" errors="0" timestamp="2026-04-22T16:25:36 IST" skipped="0">
  <testcase classname="day1.HTTPRequests" name="getAllUsers" time="3.321"/>
  <testcase classname="day1.HTTPRequests" name="createUser" time="2.718"/>
  <testcase classname="day1.HTTPRequests" name="updateUser" time="2.430"/>
  <testcase classname="day1.HTTPRequests" name="deleteUser" time="1.615"/>
</testsuite> <!-- day1.HTTPRequests -->
