<?xml version="1.0" encoding="UTF-8"?>
<!-- Generated by org.testng.reporters.JUnitReportReporter -->
<testsuite hostname="Pradeep" failures="0" tests="4" name="sample.practice" time="7.524" errors="0" timestamp="2026-04-22T16:46:24 IST" skipped="0">
  <testcase classname="sample.practice" name="getUsers" time="2.940"/>
  <testcase classname="sample.practice" name="createUser" time="1.928"/>
  <testcase classname="sample.practice" name="updateUser" time="1.346"/>
  <testcase classname="sample.practice" name="deleteUser" time="1.310"/>
</testsuite> <!-- sample.practice -->
